12:01:25.345 [Daemon worker] INFO  o.a.AndroidAnnotationProcessor:83 - Initialize AndroidAnnotations 3.3.2 with options {androidManifestFile=/home/mmahmood/Dropbox/Android Workspace/DailyPoetry/app/build/intermediates/manifests/full/debug/AndroidManifest.xml, resourcePackageName=com.chumbok.dailypoetry}
12:01:25.481 [Daemon worker] INFO  o.a.AndroidAnnotationProcessor:107 - Start processing for 8 annotations on 27 elements
12:01:25.542 [Daemon worker] DEBUG o.a.h.AndroidManifestFinder:98 - AndroidManifest.xml file found with specified path: /home/mmahmood/Dropbox/Android Workspace/DailyPoetry/app/build/intermediates/manifests/full/debug/AndroidManifest.xml
12:01:25.903 [Daemon worker] INFO  o.a.AndroidAnnotationProcessor:170 - AndroidManifest.xml found: AndroidManifest [applicationPackage=com.chumbok.dailypoetry, componentQualifiedNames=[com.chumbok.dailypoetry.MainActivity_, com.google.android.gms.analytics.AnalyticsService, com.google.android.gms.analytics.AnalyticsReceiver], permissionQualifiedNames=[android.permission.INTERNET, android.permission.WRITE_EXTERNAL_STORAGE, android.permission.ACCESS_NETWORK_STATE], applicationClassName=com.chumbok.dailypoetry.AppController, libraryProject=false, debugabble=false, minSdkVersion=17, maxSdkVersion=-1, targetSdkVersion=17]
12:01:25.905 [Daemon worker] INFO  o.a.r.ProjectRClassFinder:50 - Found project R class: com.chumbok.dailypoetry.R
12:01:25.937 [Daemon worker] INFO  o.a.r.AndroidRClassFinder:44 - Found Android class: android.R
12:01:25.979 [Daemon worker] INFO  o.a.p.ModelValidator:42 - Validating elements
12:01:25.979 [Daemon worker] DEBUG o.a.p.ModelValidator:62 - Validating with EActivityHandler: [com.chumbok.dailypoetry.MainActivity]
12:01:25.989 [Daemon worker] DEBUG o.a.p.ModelValidator:62 - Validating with EBeanHandler: [com.chumbok.dailypoetry.FeedItemList, com.chumbok.dailypoetry.adapter.FeedListAdapter, com.chumbok.dailypoetry.task.InitDataBackgroundTask, com.chumbok.dailypoetry.listener.EndlessScrollListener, com.chumbok.dailypoetry.service.FeedService]
12:01:25.990 [Daemon worker] DEBUG o.a.p.ModelValidator:62 - Validating with ViewByIdHandler: [listView, mDrawerLayout, mDrawerRelativeLayout, mDrawerList, listView]
12:01:25.996 [Daemon worker] DEBUG o.a.p.ModelValidator:62 - Validating with BeanHandler: [feedService, feedItemList, listAdapter, endlessScrollListener, initDataBackgroundTask, feedItemList, feedService, listAdapter, feedItemList, feedItemList, listAdapter]
12:01:26.1 [Daemon worker] DEBUG o.a.p.ModelValidator:62 - Validating with RootContextHandler: [context, activity, context, activity]
12:01:26.2 [Daemon worker] DEBUG o.a.p.ModelValidator:62 - Validating with AfterInjectHandler: [initAdapter(), initTask(), initAdapter(), initAdapter()]
12:01:26.3 [Daemon worker] DEBUG o.a.p.ModelValidator:62 - Validating with AfterViewsHandler: [updateListView()]
12:01:26.4 [Daemon worker] DEBUG o.a.p.ModelValidator:62 - Validating with BackgroundHandler: [fetchSaveFeedItemInDB()]
12:01:26.16 [Daemon worker] INFO  o.a.p.ModelProcessor:74 - Processing root elements
12:01:26.17 [Daemon worker] DEBUG o.a.p.ModelProcessor:176 - Processing root elements EActivityHandler: [com.chumbok.dailypoetry.MainActivity]
12:01:26.79 [Daemon worker] DEBUG o.a.p.ModelProcessor:176 - Processing root elements EBeanHandler: [com.chumbok.dailypoetry.task.InitDataBackgroundTask, com.chumbok.dailypoetry.service.FeedService, com.chumbok.dailypoetry.listener.EndlessScrollListener, com.chumbok.dailypoetry.FeedItemList, com.chumbok.dailypoetry.adapter.FeedListAdapter]
12:01:26.83 [Daemon worker] INFO  o.a.p.ModelProcessor:86 - Processing enclosed elements
12:01:26.103 [Daemon worker] INFO  o.a.AndroidAnnotationProcessor:249 - Number of files generated by AndroidAnnotations: 6
12:01:26.107 [Daemon worker] INFO  o.a.g.ApiCodeGenerator:52 - Writting following API classes in project: []
12:01:26.110 [Daemon worker] DEBUG o.a.g.SourceCodewriter:55 - Generating class: com.chumbok.dailypoetry.FeedItemList_
12:01:26.130 [Daemon worker] DEBUG o.a.g.SourceCodewriter:55 - Generating class: com.chumbok.dailypoetry.MainActivity_
12:01:26.162 [Daemon worker] DEBUG o.a.g.SourceCodewriter:55 - Generating class: com.chumbok.dailypoetry.service.FeedService_
12:01:26.171 [Daemon worker] DEBUG o.a.g.SourceCodewriter:55 - Generating class: com.chumbok.dailypoetry.adapter.FeedListAdapter_
12:01:26.179 [Daemon worker] DEBUG o.a.g.SourceCodewriter:55 - Generating class: com.chumbok.dailypoetry.task.InitDataBackgroundTask_
12:01:26.191 [Daemon worker] DEBUG o.a.g.SourceCodewriter:55 - Generating class: com.chumbok.dailypoetry.listener.EndlessScrollListener_
12:01:26.203 [Daemon worker] INFO  o.a.p.TimeStats:81 - Time measurements: [Whole Processing = 722 ms], [Extract Manifest = 363 ms], [Generate Sources = 100 ms], [Process Annotations = 98 ms], [Extract Annotations = 58 ms], [Find R Classes = 56 ms], [Validate Annotations = 27 ms], 
12:01:26.204 [Daemon worker] INFO  o.a.AndroidAnnotationProcessor:121 - Finish processing
