00:48:19.9 [Daemon worker Thread 32] INFO  o.a.AndroidAnnotationProcessor:83 - Initialize AndroidAnnotations 3.3.2 with options {androidManifestFile=/home/mmahmood/Dropbox/Android Workspace/ChumbokNewsNew/app/build/intermediates/manifests/full/debug/AndroidManifest.xml, resourcePackageName=com.chumbok.news}
00:48:19.178 [Daemon worker Thread 32] INFO  o.a.AndroidAnnotationProcessor:107 - Start processing for 8 annotations on 28 elements
00:48:19.190 [Daemon worker Thread 32] DEBUG o.a.h.AndroidManifestFinder:98 - AndroidManifest.xml file found with specified path: /home/mmahmood/Dropbox/Android Workspace/ChumbokNewsNew/app/build/intermediates/manifests/full/debug/AndroidManifest.xml
00:48:19.196 [Daemon worker Thread 32] INFO  o.a.AndroidAnnotationProcessor:170 - AndroidManifest.xml found: AndroidManifest [applicationPackage=com.chumbok.news, componentQualifiedNames=[com.chumbok.news.MainActivity_, com.google.android.gms.analytics.AnalyticsService, com.google.android.gms.analytics.AnalyticsReceiver], permissionQualifiedNames=[android.permission.INTERNET, android.permission.WRITE_EXTERNAL_STORAGE, android.permission.ACCESS_NETWORK_STATE], applicationClassName=com.chumbok.news.AppController, libraryProject=false, debugabble=false, minSdkVersion=17, maxSdkVersion=-1, targetSdkVersion=17]
00:48:19.198 [Daemon worker Thread 32] INFO  o.a.r.ProjectRClassFinder:50 - Found project R class: com.chumbok.news.R
00:48:19.208 [Daemon worker Thread 32] INFO  o.a.r.AndroidRClassFinder:44 - Found Android class: android.R
00:48:19.238 [Daemon worker Thread 32] INFO  o.a.p.ModelValidator:42 - Validating elements
00:48:19.238 [Daemon worker Thread 32] DEBUG o.a.p.ModelValidator:62 - Validating with EActivityHandler: [com.chumbok.news.MainActivity]
00:48:19.243 [Daemon worker Thread 32] DEBUG o.a.p.ModelValidator:62 - Validating with EBeanHandler: [com.chumbok.news.FeedItemList, com.chumbok.news.adapter.FeedListAdapter, com.chumbok.news.task.InitDataBackgroundTask, com.chumbok.news.listener.EndlessScrollListener, com.chumbok.news.service.FeedService]
00:48:19.244 [Daemon worker Thread 32] DEBUG o.a.p.ModelValidator:62 - Validating with ViewByIdHandler: [listView, mDrawerLayout, mDrawerRelativeLayout, mDrawerList, listView]
00:48:19.251 [Daemon worker Thread 32] DEBUG o.a.p.ModelValidator:62 - Validating with BeanHandler: [feedService, feedItemList, listAdapter, endlessScrollListener, initDataBackgroundTask, feedItemList, feedService, listAdapter, feedItemList, feedItemList, listAdapter]
00:48:19.253 [Daemon worker Thread 32] DEBUG o.a.p.ModelValidator:62 - Validating with RootContextHandler: [context, activity, context, activity]
00:48:19.254 [Daemon worker Thread 32] DEBUG o.a.p.ModelValidator:62 - Validating with AfterInjectHandler: [initAdapter(), initTask(), initAdapter(), initAdapter()]
00:48:19.255 [Daemon worker Thread 32] DEBUG o.a.p.ModelValidator:62 - Validating with AfterViewsHandler: [updateListView()]
00:48:19.256 [Daemon worker Thread 32] DEBUG o.a.p.ModelValidator:62 - Validating with BackgroundHandler: [fetchSaveFeedItemInDB()]
00:48:19.274 [Daemon worker Thread 32] INFO  o.a.p.ModelProcessor:74 - Processing root elements
00:48:19.280 [Daemon worker Thread 32] DEBUG o.a.p.ModelProcessor:176 - Processing root elements EActivityHandler: [com.chumbok.news.MainActivity]
00:48:19.349 [Daemon worker Thread 32] DEBUG o.a.p.ModelProcessor:176 - Processing root elements EBeanHandler: [com.chumbok.news.adapter.FeedListAdapter, com.chumbok.news.task.InitDataBackgroundTask, com.chumbok.news.FeedItemList, com.chumbok.news.listener.EndlessScrollListener, com.chumbok.news.service.FeedService]
00:48:19.352 [Daemon worker Thread 32] INFO  o.a.p.ModelProcessor:86 - Processing enclosed elements
00:48:19.367 [Daemon worker Thread 32] INFO  o.a.AndroidAnnotationProcessor:249 - Number of files generated by AndroidAnnotations: 6
00:48:19.370 [Daemon worker Thread 32] INFO  o.a.g.ApiCodeGenerator:52 - Writting following API classes in project: []
00:48:19.373 [Daemon worker Thread 32] DEBUG o.a.g.SourceCodewriter:55 - Generating class: com.chumbok.news.task.InitDataBackgroundTask_
00:48:19.387 [Daemon worker Thread 32] DEBUG o.a.g.SourceCodewriter:55 - Generating class: com.chumbok.news.FeedItemList_
00:48:19.392 [Daemon worker Thread 32] DEBUG o.a.g.SourceCodewriter:55 - Generating class: com.chumbok.news.MainActivity_
00:48:19.412 [Daemon worker Thread 32] DEBUG o.a.g.SourceCodewriter:55 - Generating class: com.chumbok.news.listener.EndlessScrollListener_
00:48:19.418 [Daemon worker Thread 32] DEBUG o.a.g.SourceCodewriter:55 - Generating class: com.chumbok.news.service.FeedService_
00:48:19.422 [Daemon worker Thread 32] DEBUG o.a.g.SourceCodewriter:55 - Generating class: com.chumbok.news.adapter.FeedListAdapter_
00:48:19.428 [Daemon worker Thread 32] INFO  o.a.p.TimeStats:81 - Time measurements: [Whole Processing = 251 ms], [Process Annotations = 109 ms], [Generate Sources = 62 ms], [Find R Classes = 23 ms], [Validate Annotations = 20 ms], [Extract Annotations = 10 ms], [Extract Manifest = 8 ms], 
00:48:19.429 [Daemon worker Thread 32] INFO  o.a.AndroidAnnotationProcessor:121 - Finish processing
00:50:18.666 [Daemon worker Thread 32] INFO  o.a.AndroidAnnotationProcessor:83 - Initialize AndroidAnnotations 3.3.2 with options {androidManifestFile=/home/mmahmood/Dropbox/Android Workspace/ChumbokNewsNew/app/build/intermediates/manifests/full/debug/AndroidManifest.xml, resourcePackageName=com.chumbok.news}
00:50:18.874 [Daemon worker Thread 32] INFO  o.a.AndroidAnnotationProcessor:107 - Start processing for 8 annotations on 28 elements
00:50:18.885 [Daemon worker Thread 32] DEBUG o.a.h.AndroidManifestFinder:98 - AndroidManifest.xml file found with specified path: /home/mmahmood/Dropbox/Android Workspace/ChumbokNewsNew/app/build/intermediates/manifests/full/debug/AndroidManifest.xml
00:50:18.897 [Daemon worker Thread 32] INFO  o.a.AndroidAnnotationProcessor:170 - AndroidManifest.xml found: AndroidManifest [applicationPackage=com.chumbok.news, componentQualifiedNames=[com.chumbok.news.MainActivity_, com.google.android.gms.analytics.AnalyticsService, com.google.android.gms.analytics.AnalyticsReceiver], permissionQualifiedNames=[android.permission.INTERNET, android.permission.WRITE_EXTERNAL_STORAGE, android.permission.ACCESS_NETWORK_STATE], applicationClassName=com.chumbok.news.AppController, libraryProject=false, debugabble=false, minSdkVersion=17, maxSdkVersion=-1, targetSdkVersion=17]
00:50:18.899 [Daemon worker Thread 32] INFO  o.a.r.ProjectRClassFinder:50 - Found project R class: com.chumbok.news.R
00:50:18.908 [Daemon worker Thread 32] INFO  o.a.r.AndroidRClassFinder:44 - Found Android class: android.R
00:50:18.937 [Daemon worker Thread 32] INFO  o.a.p.ModelValidator:42 - Validating elements
00:50:18.938 [Daemon worker Thread 32] DEBUG o.a.p.ModelValidator:62 - Validating with EActivityHandler: [com.chumbok.news.MainActivity]
00:50:18.944 [Daemon worker Thread 32] DEBUG o.a.p.ModelValidator:62 - Validating with EBeanHandler: [com.chumbok.news.FeedItemList, com.chumbok.news.adapter.FeedListAdapter, com.chumbok.news.task.InitDataBackgroundTask, com.chumbok.news.listener.EndlessScrollListener, com.chumbok.news.service.FeedService]
00:50:18.946 [Daemon worker Thread 32] DEBUG o.a.p.ModelValidator:62 - Validating with ViewByIdHandler: [listView, mDrawerLayout, mDrawerRelativeLayout, mDrawerList, listView]
00:50:18.953 [Daemon worker Thread 32] DEBUG o.a.p.ModelValidator:62 - Validating with BeanHandler: [feedService, feedItemList, listAdapter, endlessScrollListener, initDataBackgroundTask, feedItemList, feedService, listAdapter, feedItemList, feedItemList, listAdapter]
00:50:18.955 [Daemon worker Thread 32] DEBUG o.a.p.ModelValidator:62 - Validating with RootContextHandler: [context, activity, context, activity]
00:50:18.956 [Daemon worker Thread 32] DEBUG o.a.p.ModelValidator:62 - Validating with AfterInjectHandler: [initAdapter(), initTask(), initAdapter(), initAdapter()]
00:50:18.961 [Daemon worker Thread 32] DEBUG o.a.p.ModelValidator:62 - Validating with AfterViewsHandler: [updateListView()]
00:50:18.962 [Daemon worker Thread 32] DEBUG o.a.p.ModelValidator:62 - Validating with BackgroundHandler: [fetchSaveFeedItemInDB()]
00:50:18.986 [Daemon worker Thread 32] INFO  o.a.p.ModelProcessor:74 - Processing root elements
00:50:18.986 [Daemon worker Thread 32] DEBUG o.a.p.ModelProcessor:176 - Processing root elements EActivityHandler: [com.chumbok.news.MainActivity]
00:50:19.70 [Daemon worker Thread 32] DEBUG o.a.p.ModelProcessor:176 - Processing root elements EBeanHandler: [com.chumbok.news.adapter.FeedListAdapter, com.chumbok.news.listener.EndlessScrollListener, com.chumbok.news.FeedItemList, com.chumbok.news.task.InitDataBackgroundTask, com.chumbok.news.service.FeedService]
00:50:19.73 [Daemon worker Thread 32] INFO  o.a.p.ModelProcessor:86 - Processing enclosed elements
00:50:19.87 [Daemon worker Thread 32] INFO  o.a.AndroidAnnotationProcessor:249 - Number of files generated by AndroidAnnotations: 6
00:50:19.90 [Daemon worker Thread 32] INFO  o.a.g.ApiCodeGenerator:52 - Writting following API classes in project: []
00:50:19.92 [Daemon worker Thread 32] DEBUG o.a.g.SourceCodewriter:55 - Generating class: com.chumbok.news.task.InitDataBackgroundTask_
00:50:19.136 [Daemon worker Thread 32] DEBUG o.a.g.SourceCodewriter:55 - Generating class: com.chumbok.news.FeedItemList_
00:50:19.142 [Daemon worker Thread 32] DEBUG o.a.g.SourceCodewriter:55 - Generating class: com.chumbok.news.MainActivity_
00:50:19.172 [Daemon worker Thread 32] DEBUG o.a.g.SourceCodewriter:55 - Generating class: com.chumbok.news.listener.EndlessScrollListener_
00:50:19.180 [Daemon worker Thread 32] DEBUG o.a.g.SourceCodewriter:55 - Generating class: com.chumbok.news.service.FeedService_
00:50:19.186 [Daemon worker Thread 32] DEBUG o.a.g.SourceCodewriter:55 - Generating class: com.chumbok.news.adapter.FeedListAdapter_
00:50:19.194 [Daemon worker Thread 32] INFO  o.a.p.TimeStats:81 - Time measurements: [Whole Processing = 320 ms], [Process Annotations = 124 ms], [Generate Sources = 107 ms], [Validate Annotations = 27 ms], [Find R Classes = 22 ms], [Extract Manifest = 13 ms], [Extract Annotations = 8 ms], 
00:50:19.195 [Daemon worker Thread 32] INFO  o.a.AndroidAnnotationProcessor:121 - Finish processing
00:52:01.800 [Daemon worker Thread 33] INFO  o.a.AndroidAnnotationProcessor:83 - Initialize AndroidAnnotations 3.3.2 with options {androidManifestFile=/home/mmahmood/Dropbox/Android Workspace/ChumbokNewsNew/app/build/intermediates/manifests/full/debug/AndroidManifest.xml, resourcePackageName=com.chumbok.news}
00:52:01.969 [Daemon worker Thread 33] INFO  o.a.AndroidAnnotationProcessor:107 - Start processing for 8 annotations on 28 elements
00:52:01.987 [Daemon worker Thread 33] DEBUG o.a.h.AndroidManifestFinder:98 - AndroidManifest.xml file found with specified path: /home/mmahmood/Dropbox/Android Workspace/ChumbokNewsNew/app/build/intermediates/manifests/full/debug/AndroidManifest.xml
00:52:02.1 [Daemon worker Thread 33] INFO  o.a.AndroidAnnotationProcessor:170 - AndroidManifest.xml found: AndroidManifest [applicationPackage=com.chumbok.news, componentQualifiedNames=[com.chumbok.news.MainActivity_, com.google.android.gms.analytics.AnalyticsService, com.google.android.gms.analytics.AnalyticsReceiver], permissionQualifiedNames=[android.permission.INTERNET, android.permission.WRITE_EXTERNAL_STORAGE, android.permission.ACCESS_NETWORK_STATE], applicationClassName=com.chumbok.news.AppController, libraryProject=false, debugabble=false, minSdkVersion=17, maxSdkVersion=-1, targetSdkVersion=17]
00:52:02.8 [Daemon worker Thread 33] INFO  o.a.r.ProjectRClassFinder:50 - Found project R class: com.chumbok.news.R
00:52:02.24 [Daemon worker Thread 33] INFO  o.a.r.AndroidRClassFinder:44 - Found Android class: android.R
00:52:02.61 [Daemon worker Thread 33] INFO  o.a.p.ModelValidator:42 - Validating elements
00:52:02.62 [Daemon worker Thread 33] DEBUG o.a.p.ModelValidator:62 - Validating with EActivityHandler: [com.chumbok.news.MainActivity]
00:52:02.77 [Daemon worker Thread 33] DEBUG o.a.p.ModelValidator:62 - Validating with EBeanHandler: [com.chumbok.news.FeedItemList, com.chumbok.news.adapter.FeedListAdapter, com.chumbok.news.task.InitDataBackgroundTask, com.chumbok.news.listener.EndlessScrollListener, com.chumbok.news.service.FeedService]
00:52:02.83 [Daemon worker Thread 33] DEBUG o.a.p.ModelValidator:62 - Validating with ViewByIdHandler: [listView, mDrawerLayout, mDrawerRelativeLayout, mDrawerList, listView]
00:52:02.99 [Daemon worker Thread 33] DEBUG o.a.p.ModelValidator:62 - Validating with BeanHandler: [feedService, feedItemList, listAdapter, endlessScrollListener, initDataBackgroundTask, feedItemList, feedService, listAdapter, feedItemList, feedItemList, listAdapter]
00:52:02.104 [Daemon worker Thread 33] DEBUG o.a.p.ModelValidator:62 - Validating with RootContextHandler: [context, activity, context, activity]
00:52:02.106 [Daemon worker Thread 33] DEBUG o.a.p.ModelValidator:62 - Validating with AfterInjectHandler: [initAdapter(), initTask(), initAdapter(), initAdapter()]
00:52:02.108 [Daemon worker Thread 33] DEBUG o.a.p.ModelValidator:62 - Validating with AfterViewsHandler: [updateListView()]
00:52:02.109 [Daemon worker Thread 33] DEBUG o.a.p.ModelValidator:62 - Validating with BackgroundHandler: [fetchSaveFeedItemInDB()]
00:52:02.135 [Daemon worker Thread 33] INFO  o.a.p.ModelProcessor:74 - Processing root elements
00:52:02.140 [Daemon worker Thread 33] DEBUG o.a.p.ModelProcessor:176 - Processing root elements EActivityHandler: [com.chumbok.news.MainActivity]
00:52:02.203 [Daemon worker Thread 33] DEBUG o.a.p.ModelProcessor:176 - Processing root elements EBeanHandler: [com.chumbok.news.service.FeedService, com.chumbok.news.adapter.FeedListAdapter, com.chumbok.news.listener.EndlessScrollListener, com.chumbok.news.task.InitDataBackgroundTask, com.chumbok.news.FeedItemList]
00:52:02.211 [Daemon worker Thread 33] INFO  o.a.p.ModelProcessor:86 - Processing enclosed elements
00:52:02.230 [Daemon worker Thread 33] INFO  o.a.AndroidAnnotationProcessor:249 - Number of files generated by AndroidAnnotations: 6
00:52:02.239 [Daemon worker Thread 33] INFO  o.a.g.ApiCodeGenerator:52 - Writting following API classes in project: []
00:52:02.246 [Daemon worker Thread 33] DEBUG o.a.g.SourceCodewriter:55 - Generating class: com.chumbok.news.task.InitDataBackgroundTask_
00:52:02.279 [Daemon worker Thread 33] DEBUG o.a.g.SourceCodewriter:55 - Generating class: com.chumbok.news.FeedItemList_
00:52:02.289 [Daemon worker Thread 33] DEBUG o.a.g.SourceCodewriter:55 - Generating class: com.chumbok.news.MainActivity_
00:52:02.333 [Daemon worker Thread 33] DEBUG o.a.g.SourceCodewriter:55 - Generating class: com.chumbok.news.listener.EndlessScrollListener_
00:52:02.355 [Daemon worker Thread 33] DEBUG o.a.g.SourceCodewriter:55 - Generating class: com.chumbok.news.service.FeedService_
00:52:02.365 [Daemon worker Thread 33] DEBUG o.a.g.SourceCodewriter:55 - Generating class: com.chumbok.news.adapter.FeedListAdapter_
00:52:02.381 [Daemon worker Thread 33] INFO  o.a.p.TimeStats:81 - Time measurements: [Whole Processing = 412 ms], [Generate Sources = 150 ms], [Process Annotations = 120 ms], [Validate Annotations = 51 ms], [Find R Classes = 37 ms], [Extract Manifest = 16 ms], [Extract Annotations = 9 ms], 
00:52:02.381 [Daemon worker Thread 33] INFO  o.a.AndroidAnnotationProcessor:121 - Finish processing
00:52:57.925 [Daemon worker Thread 33] INFO  o.a.AndroidAnnotationProcessor:83 - Initialize AndroidAnnotations 3.3.2 with options {androidManifestFile=/home/mmahmood/Dropbox/Android Workspace/ChumbokNewsNew/app/build/intermediates/manifests/full/debug/AndroidManifest.xml, resourcePackageName=com.chumbok.news}
00:52:58.62 [Daemon worker Thread 33] INFO  o.a.AndroidAnnotationProcessor:107 - Start processing for 8 annotations on 28 elements
00:52:58.73 [Daemon worker Thread 33] DEBUG o.a.h.AndroidManifestFinder:98 - AndroidManifest.xml file found with specified path: /home/mmahmood/Dropbox/Android Workspace/ChumbokNewsNew/app/build/intermediates/manifests/full/debug/AndroidManifest.xml
00:52:58.83 [Daemon worker Thread 33] INFO  o.a.AndroidAnnotationProcessor:170 - AndroidManifest.xml found: AndroidManifest [applicationPackage=com.chumbok.news, componentQualifiedNames=[com.chumbok.news.MainActivity_, com.google.android.gms.analytics.AnalyticsService, com.google.android.gms.analytics.AnalyticsReceiver], permissionQualifiedNames=[android.permission.INTERNET, android.permission.WRITE_EXTERNAL_STORAGE, android.permission.ACCESS_NETWORK_STATE], applicationClassName=com.chumbok.news.AppController, libraryProject=false, debugabble=false, minSdkVersion=17, maxSdkVersion=-1, targetSdkVersion=17]
00:52:58.84 [Daemon worker Thread 33] INFO  o.a.r.ProjectRClassFinder:50 - Found project R class: com.chumbok.news.R
00:52:58.92 [Daemon worker Thread 33] INFO  o.a.r.AndroidRClassFinder:44 - Found Android class: android.R
00:52:58.118 [Daemon worker Thread 33] INFO  o.a.p.ModelValidator:42 - Validating elements
00:52:58.119 [Daemon worker Thread 33] DEBUG o.a.p.ModelValidator:62 - Validating with EActivityHandler: [com.chumbok.news.MainActivity]
00:52:58.122 [Daemon worker Thread 33] DEBUG o.a.p.ModelValidator:62 - Validating with EBeanHandler: [com.chumbok.news.FeedItemList, com.chumbok.news.adapter.FeedListAdapter, com.chumbok.news.task.InitDataBackgroundTask, com.chumbok.news.listener.EndlessScrollListener, com.chumbok.news.service.FeedService]
00:52:58.123 [Daemon worker Thread 33] DEBUG o.a.p.ModelValidator:62 - Validating with ViewByIdHandler: [listView, mDrawerLayout, mDrawerRelativeLayout, mDrawerList, listView]
00:52:58.127 [Daemon worker Thread 33] DEBUG o.a.p.ModelValidator:62 - Validating with BeanHandler: [feedService, feedItemList, listAdapter, endlessScrollListener, initDataBackgroundTask, feedItemList, feedService, listAdapter, feedItemList, feedItemList, listAdapter]
00:52:58.128 [Daemon worker Thread 33] DEBUG o.a.p.ModelValidator:62 - Validating with RootContextHandler: [context, activity, context, activity]
00:52:58.128 [Daemon worker Thread 33] DEBUG o.a.p.ModelValidator:62 - Validating with AfterInjectHandler: [initAdapter(), initTask(), initAdapter(), initAdapter()]
00:52:58.129 [Daemon worker Thread 33] DEBUG o.a.p.ModelValidator:62 - Validating with AfterViewsHandler: [updateListView()]
00:52:58.129 [Daemon worker Thread 33] DEBUG o.a.p.ModelValidator:62 - Validating with BackgroundHandler: [fetchSaveFeedItemInDB()]
00:52:58.152 [Daemon worker Thread 33] INFO  o.a.p.ModelProcessor:74 - Processing root elements
00:52:58.154 [Daemon worker Thread 33] DEBUG o.a.p.ModelProcessor:176 - Processing root elements EActivityHandler: [com.chumbok.news.MainActivity]
00:52:58.204 [Daemon worker Thread 33] DEBUG o.a.p.ModelProcessor:176 - Processing root elements EBeanHandler: [com.chumbok.news.adapter.FeedListAdapter, com.chumbok.news.FeedItemList, com.chumbok.news.task.InitDataBackgroundTask, com.chumbok.news.listener.EndlessScrollListener, com.chumbok.news.service.FeedService]
00:52:58.207 [Daemon worker Thread 33] INFO  o.a.p.ModelProcessor:86 - Processing enclosed elements
00:52:58.221 [Daemon worker Thread 33] INFO  o.a.AndroidAnnotationProcessor:249 - Number of files generated by AndroidAnnotations: 6
00:52:58.225 [Daemon worker Thread 33] INFO  o.a.g.ApiCodeGenerator:52 - Writting following API classes in project: []
00:52:58.227 [Daemon worker Thread 33] DEBUG o.a.g.SourceCodewriter:55 - Generating class: com.chumbok.news.task.InitDataBackgroundTask_
00:52:58.244 [Daemon worker Thread 33] DEBUG o.a.g.SourceCodewriter:55 - Generating class: com.chumbok.news.FeedItemList_
00:52:58.249 [Daemon worker Thread 33] DEBUG o.a.g.SourceCodewriter:55 - Generating class: com.chumbok.news.MainActivity_
00:52:58.273 [Daemon worker Thread 33] DEBUG o.a.g.SourceCodewriter:55 - Generating class: com.chumbok.news.listener.EndlessScrollListener_
00:52:58.280 [Daemon worker Thread 33] DEBUG o.a.g.SourceCodewriter:55 - Generating class: com.chumbok.news.service.FeedService_
00:52:58.286 [Daemon worker Thread 33] DEBUG o.a.g.SourceCodewriter:55 - Generating class: com.chumbok.news.adapter.FeedListAdapter_
00:52:58.293 [Daemon worker Thread 33] INFO  o.a.p.TimeStats:81 - Time measurements: [Whole Processing = 231 ms], [Process Annotations = 91 ms], [Generate Sources = 72 ms], [Find R Classes = 21 ms], [Validate Annotations = 13 ms], [Extract Manifest = 11 ms], [Extract Annotations = 8 ms], 
00:52:58.294 [Daemon worker Thread 33] INFO  o.a.AndroidAnnotationProcessor:121 - Finish processing
23:05:57.109 [Daemon worker] INFO  o.a.AndroidAnnotationProcessor:83 - Initialize AndroidAnnotations 3.3.2 with options {androidManifestFile=/home/mmahmood/Dropbox/Android Workspace/ChumbokNewsNew/app/build/intermediates/manifests/full/debug/AndroidManifest.xml, resourcePackageName=com.chumbok.news}
23:05:57.371 [Daemon worker] INFO  o.a.AndroidAnnotationProcessor:107 - Start processing for 8 annotations on 28 elements
23:05:57.439 [Daemon worker] DEBUG o.a.h.AndroidManifestFinder:98 - AndroidManifest.xml file found with specified path: /home/mmahmood/Dropbox/Android Workspace/ChumbokNewsNew/app/build/intermediates/manifests/full/debug/AndroidManifest.xml
23:05:57.804 [Daemon worker] INFO  o.a.AndroidAnnotationProcessor:170 - AndroidManifest.xml found: AndroidManifest [applicationPackage=com.chumbok.news, componentQualifiedNames=[com.chumbok.news.MainActivity_, com.google.android.gms.analytics.AnalyticsService, com.google.android.gms.analytics.AnalyticsReceiver], permissionQualifiedNames=[android.permission.INTERNET, android.permission.WRITE_EXTERNAL_STORAGE, android.permission.ACCESS_NETWORK_STATE], applicationClassName=com.chumbok.news.AppController, libraryProject=false, debugabble=false, minSdkVersion=17, maxSdkVersion=-1, targetSdkVersion=17]
23:05:57.805 [Daemon worker] INFO  o.a.r.ProjectRClassFinder:50 - Found project R class: com.chumbok.news.R
23:05:57.840 [Daemon worker] INFO  o.a.r.AndroidRClassFinder:44 - Found Android class: android.R
23:05:57.918 [Daemon worker] INFO  o.a.p.ModelValidator:42 - Validating elements
23:05:57.919 [Daemon worker] DEBUG o.a.p.ModelValidator:62 - Validating with EActivityHandler: [com.chumbok.news.MainActivity]
23:05:57.929 [Daemon worker] DEBUG o.a.p.ModelValidator:62 - Validating with EBeanHandler: [com.chumbok.news.FeedItemList, com.chumbok.news.adapter.FeedListAdapter, com.chumbok.news.task.InitDataBackgroundTask, com.chumbok.news.listener.EndlessScrollListener, com.chumbok.news.service.FeedService]
23:05:57.930 [Daemon worker] DEBUG o.a.p.ModelValidator:62 - Validating with ViewByIdHandler: [listView, mDrawerLayout, mDrawerRelativeLayout, mDrawerList, listView]
23:05:57.939 [Daemon worker] DEBUG o.a.p.ModelValidator:62 - Validating with BeanHandler: [feedService, feedItemList, listAdapter, endlessScrollListener, initDataBackgroundTask, feedItemList, feedService, listAdapter, feedItemList, feedItemList, listAdapter]
23:05:57.942 [Daemon worker] DEBUG o.a.p.ModelValidator:62 - Validating with RootContextHandler: [context, activity, context, activity]
23:05:57.944 [Daemon worker] DEBUG o.a.p.ModelValidator:62 - Validating with AfterInjectHandler: [initAdapter(), initTask(), initAdapter(), initAdapter()]
23:05:57.946 [Daemon worker] DEBUG o.a.p.ModelValidator:62 - Validating with AfterViewsHandler: [updateListView()]
23:05:57.947 [Daemon worker] DEBUG o.a.p.ModelValidator:62 - Validating with BackgroundHandler: [fetchSaveFeedItemInDB()]
23:05:57.967 [Daemon worker] INFO  o.a.p.ModelProcessor:74 - Processing root elements
23:05:57.968 [Daemon worker] DEBUG o.a.p.ModelProcessor:176 - Processing root elements EActivityHandler: [com.chumbok.news.MainActivity]
23:05:58.57 [Daemon worker] DEBUG o.a.p.ModelProcessor:176 - Processing root elements EBeanHandler: [com.chumbok.news.adapter.FeedListAdapter, com.chumbok.news.task.InitDataBackgroundTask, com.chumbok.news.service.FeedService, com.chumbok.news.listener.EndlessScrollListener, com.chumbok.news.FeedItemList]
23:05:58.62 [Daemon worker] INFO  o.a.p.ModelProcessor:86 - Processing enclosed elements
23:05:58.85 [Daemon worker] INFO  o.a.AndroidAnnotationProcessor:249 - Number of files generated by AndroidAnnotations: 6
23:05:58.97 [Daemon worker] INFO  o.a.g.ApiCodeGenerator:52 - Writting following API classes in project: []
23:05:58.105 [Daemon worker] DEBUG o.a.g.SourceCodewriter:55 - Generating class: com.chumbok.news.task.InitDataBackgroundTask_
23:05:58.148 [Daemon worker] DEBUG o.a.g.SourceCodewriter:55 - Generating class: com.chumbok.news.FeedItemList_
23:05:58.160 [Daemon worker] DEBUG o.a.g.SourceCodewriter:55 - Generating class: com.chumbok.news.MainActivity_
23:05:58.193 [Daemon worker] DEBUG o.a.g.SourceCodewriter:55 - Generating class: com.chumbok.news.listener.EndlessScrollListener_
23:05:58.206 [Daemon worker] DEBUG o.a.g.SourceCodewriter:55 - Generating class: com.chumbok.news.service.FeedService_
23:05:58.214 [Daemon worker] DEBUG o.a.g.SourceCodewriter:55 - Generating class: com.chumbok.news.adapter.FeedListAdapter_
23:05:58.224 [Daemon worker] INFO  o.a.p.TimeStats:81 - Time measurements: [Whole Processing = 853 ms], [Extract Manifest = 367 ms], [Generate Sources = 139 ms], [Process Annotations = 136 ms], [Find R Classes = 94 ms], [Extract Annotations = 64 ms], [Validate Annotations = 31 ms], 
23:05:58.225 [Daemon worker] INFO  o.a.AndroidAnnotationProcessor:121 - Finish processing
23:07:28.720 [Daemon worker Thread 2] INFO  o.a.AndroidAnnotationProcessor:83 - Initialize AndroidAnnotations 3.3.2 with options {androidManifestFile=/home/mmahmood/Dropbox/Android Workspace/ChumbokNewsNew/app/build/intermediates/manifests/full/debug/AndroidManifest.xml, resourcePackageName=com.chumbok.news}
23:07:28.902 [Daemon worker Thread 2] INFO  o.a.AndroidAnnotationProcessor:107 - Start processing for 8 annotations on 28 elements
23:07:28.917 [Daemon worker Thread 2] DEBUG o.a.h.AndroidManifestFinder:98 - AndroidManifest.xml file found with specified path: /home/mmahmood/Dropbox/Android Workspace/ChumbokNewsNew/app/build/intermediates/manifests/full/debug/AndroidManifest.xml
23:07:28.926 [Daemon worker Thread 2] INFO  o.a.AndroidAnnotationProcessor:170 - AndroidManifest.xml found: AndroidManifest [applicationPackage=com.chumbok.news, componentQualifiedNames=[com.chumbok.news.MainActivity_, com.google.android.gms.analytics.AnalyticsService, com.google.android.gms.analytics.AnalyticsReceiver], permissionQualifiedNames=[android.permission.INTERNET, android.permission.WRITE_EXTERNAL_STORAGE, android.permission.ACCESS_NETWORK_STATE], applicationClassName=com.chumbok.news.AppController, libraryProject=false, debugabble=false, minSdkVersion=17, maxSdkVersion=-1, targetSdkVersion=17]
23:07:28.928 [Daemon worker Thread 2] INFO  o.a.r.ProjectRClassFinder:50 - Found project R class: com.chumbok.news.R
23:07:28.939 [Daemon worker Thread 2] INFO  o.a.r.AndroidRClassFinder:44 - Found Android class: android.R
23:07:28.976 [Daemon worker Thread 2] INFO  o.a.p.ModelValidator:42 - Validating elements
23:07:28.977 [Daemon worker Thread 2] DEBUG o.a.p.ModelValidator:62 - Validating with EActivityHandler: [com.chumbok.news.MainActivity]
23:07:28.982 [Daemon worker Thread 2] DEBUG o.a.p.ModelValidator:62 - Validating with EBeanHandler: [com.chumbok.news.FeedItemList, com.chumbok.news.adapter.FeedListAdapter, com.chumbok.news.task.InitDataBackgroundTask, com.chumbok.news.listener.EndlessScrollListener, com.chumbok.news.service.FeedService]
23:07:28.983 [Daemon worker Thread 2] DEBUG o.a.p.ModelValidator:62 - Validating with ViewByIdHandler: [listView, mDrawerLayout, mDrawerRelativeLayout, mDrawerList, listView]
23:07:28.991 [Daemon worker Thread 2] DEBUG o.a.p.ModelValidator:62 - Validating with BeanHandler: [feedService, feedItemList, listAdapter, endlessScrollListener, initDataBackgroundTask, feedItemList, feedService, listAdapter, feedItemList, feedItemList, listAdapter]
23:07:28.993 [Daemon worker Thread 2] DEBUG o.a.p.ModelValidator:62 - Validating with RootContextHandler: [context, activity, context, activity]
23:07:28.994 [Daemon worker Thread 2] DEBUG o.a.p.ModelValidator:62 - Validating with AfterInjectHandler: [initAdapter(), initTask(), initAdapter(), initAdapter()]
23:07:28.995 [Daemon worker Thread 2] DEBUG o.a.p.ModelValidator:62 - Validating with AfterViewsHandler: [updateListView()]
23:07:28.996 [Daemon worker Thread 2] DEBUG o.a.p.ModelValidator:62 - Validating with BackgroundHandler: [fetchSaveFeedItemInDB()]
23:07:29.14 [Daemon worker Thread 2] INFO  o.a.p.ModelProcessor:74 - Processing root elements
23:07:29.15 [Daemon worker Thread 2] DEBUG o.a.p.ModelProcessor:176 - Processing root elements EActivityHandler: [com.chumbok.news.MainActivity]
23:07:29.87 [Daemon worker Thread 2] DEBUG o.a.p.ModelProcessor:176 - Processing root elements EBeanHandler: [com.chumbok.news.adapter.FeedListAdapter, com.chumbok.news.listener.EndlessScrollListener, com.chumbok.news.FeedItemList, com.chumbok.news.service.FeedService, com.chumbok.news.task.InitDataBackgroundTask]
23:07:29.91 [Daemon worker Thread 2] INFO  o.a.p.ModelProcessor:86 - Processing enclosed elements
23:07:29.127 [Daemon worker Thread 2] INFO  o.a.AndroidAnnotationProcessor:249 - Number of files generated by AndroidAnnotations: 6
23:07:29.131 [Daemon worker Thread 2] INFO  o.a.g.ApiCodeGenerator:52 - Writting following API classes in project: []
23:07:29.140 [Daemon worker Thread 2] DEBUG o.a.g.SourceCodewriter:55 - Generating class: com.chumbok.news.task.InitDataBackgroundTask_
23:07:29.162 [Daemon worker Thread 2] DEBUG o.a.g.SourceCodewriter:55 - Generating class: com.chumbok.news.FeedItemList_
23:07:29.168 [Daemon worker Thread 2] DEBUG o.a.g.SourceCodewriter:55 - Generating class: com.chumbok.news.MainActivity_
23:07:29.191 [Daemon worker Thread 2] DEBUG o.a.g.SourceCodewriter:55 - Generating class: com.chumbok.news.listener.EndlessScrollListener_
23:07:29.200 [Daemon worker Thread 2] DEBUG o.a.g.SourceCodewriter:55 - Generating class: com.chumbok.news.service.FeedService_
23:07:29.207 [Daemon worker Thread 2] DEBUG o.a.g.SourceCodewriter:55 - Generating class: com.chumbok.news.adapter.FeedListAdapter_
23:07:29.215 [Daemon worker Thread 2] INFO  o.a.p.TimeStats:81 - Time measurements: [Whole Processing = 313 ms], [Process Annotations = 129 ms], [Generate Sources = 88 ms], [Find R Classes = 32 ms], [Validate Annotations = 23 ms], [Extract Manifest = 12 ms], [Extract Annotations = 11 ms], 
23:07:29.216 [Daemon worker Thread 2] INFO  o.a.AndroidAnnotationProcessor:121 - Finish processing
23:09:38.856 [Daemon worker Thread 3] INFO  o.a.AndroidAnnotationProcessor:83 - Initialize AndroidAnnotations 3.3.2 with options {androidManifestFile=/home/mmahmood/Dropbox/Android Workspace/ChumbokNewsNew/app/build/intermediates/manifests/full/debug/AndroidManifest.xml, resourcePackageName=com.chumbok.news}
23:09:39.46 [Daemon worker Thread 3] INFO  o.a.AndroidAnnotationProcessor:107 - Start processing for 8 annotations on 28 elements
23:09:39.60 [Daemon worker Thread 3] DEBUG o.a.h.AndroidManifestFinder:98 - AndroidManifest.xml file found with specified path: /home/mmahmood/Dropbox/Android Workspace/ChumbokNewsNew/app/build/intermediates/manifests/full/debug/AndroidManifest.xml
23:09:39.78 [Daemon worker Thread 3] INFO  o.a.AndroidAnnotationProcessor:170 - AndroidManifest.xml found: AndroidManifest [applicationPackage=com.chumbok.news, componentQualifiedNames=[com.chumbok.news.MainActivity_, com.google.android.gms.analytics.AnalyticsService, com.google.android.gms.analytics.AnalyticsReceiver], permissionQualifiedNames=[android.permission.INTERNET, android.permission.WRITE_EXTERNAL_STORAGE, android.permission.ACCESS_NETWORK_STATE], applicationClassName=com.chumbok.news.AppController, libraryProject=false, debugabble=false, minSdkVersion=17, maxSdkVersion=-1, targetSdkVersion=17]
23:09:39.80 [Daemon worker Thread 3] INFO  o.a.r.ProjectRClassFinder:50 - Found project R class: com.chumbok.news.R
23:09:39.93 [Daemon worker Thread 3] INFO  o.a.r.AndroidRClassFinder:44 - Found Android class: android.R
23:09:39.127 [Daemon worker Thread 3] INFO  o.a.p.ModelValidator:42 - Validating elements
23:09:39.128 [Daemon worker Thread 3] DEBUG o.a.p.ModelValidator:62 - Validating with EActivityHandler: [com.chumbok.news.MainActivity]
23:09:39.135 [Daemon worker Thread 3] DEBUG o.a.p.ModelValidator:62 - Validating with EBeanHandler: [com.chumbok.news.FeedItemList, com.chumbok.news.adapter.FeedListAdapter, com.chumbok.news.task.InitDataBackgroundTask, com.chumbok.news.listener.EndlessScrollListener, com.chumbok.news.service.FeedService]
23:09:39.136 [Daemon worker Thread 3] DEBUG o.a.p.ModelValidator:62 - Validating with ViewByIdHandler: [listView, mDrawerLayout, mDrawerRelativeLayout, mDrawerList, listView]
23:09:39.143 [Daemon worker Thread 3] DEBUG o.a.p.ModelValidator:62 - Validating with BeanHandler: [feedService, feedItemList, listAdapter, endlessScrollListener, initDataBackgroundTask, feedItemList, feedService, listAdapter, feedItemList, feedItemList, listAdapter]
23:09:39.145 [Daemon worker Thread 3] DEBUG o.a.p.ModelValidator:62 - Validating with RootContextHandler: [context, activity, context, activity]
23:09:39.147 [Daemon worker Thread 3] DEBUG o.a.p.ModelValidator:62 - Validating with AfterInjectHandler: [initAdapter(), initTask(), initAdapter(), initAdapter()]
23:09:39.148 [Daemon worker Thread 3] DEBUG o.a.p.ModelValidator:62 - Validating with AfterViewsHandler: [updateListView()]
23:09:39.149 [Daemon worker Thread 3] DEBUG o.a.p.ModelValidator:62 - Validating with BackgroundHandler: [fetchSaveFeedItemInDB()]
23:09:39.169 [Daemon worker Thread 3] INFO  o.a.p.ModelProcessor:74 - Processing root elements
23:09:39.170 [Daemon worker Thread 3] DEBUG o.a.p.ModelProcessor:176 - Processing root elements EActivityHandler: [com.chumbok.news.MainActivity]
23:09:39.223 [Daemon worker Thread 3] DEBUG o.a.p.ModelProcessor:176 - Processing root elements EBeanHandler: [com.chumbok.news.adapter.FeedListAdapter, com.chumbok.news.service.FeedService, com.chumbok.news.listener.EndlessScrollListener, com.chumbok.news.FeedItemList, com.chumbok.news.task.InitDataBackgroundTask]
23:09:39.227 [Daemon worker Thread 3] INFO  o.a.p.ModelProcessor:86 - Processing enclosed elements
23:09:39.240 [Daemon worker Thread 3] INFO  o.a.AndroidAnnotationProcessor:249 - Number of files generated by AndroidAnnotations: 6
23:09:39.243 [Daemon worker Thread 3] INFO  o.a.g.ApiCodeGenerator:52 - Writting following API classes in project: []
23:09:39.245 [Daemon worker Thread 3] DEBUG o.a.g.SourceCodewriter:55 - Generating class: com.chumbok.news.task.InitDataBackgroundTask_
23:09:39.259 [Daemon worker Thread 3] DEBUG o.a.g.SourceCodewriter:55 - Generating class: com.chumbok.news.FeedItemList_
23:09:39.264 [Daemon worker Thread 3] DEBUG o.a.g.SourceCodewriter:55 - Generating class: com.chumbok.news.MainActivity_
23:09:39.283 [Daemon worker Thread 3] DEBUG o.a.g.SourceCodewriter:55 - Generating class: com.chumbok.news.listener.EndlessScrollListener_
23:09:39.294 [Daemon worker Thread 3] DEBUG o.a.g.SourceCodewriter:55 - Generating class: com.chumbok.news.service.FeedService_
23:09:39.301 [Daemon worker Thread 3] DEBUG o.a.g.SourceCodewriter:55 - Generating class: com.chumbok.news.adapter.FeedListAdapter_
23:09:39.309 [Daemon worker Thread 3] INFO  o.a.p.TimeStats:81 - Time measurements: [Whole Processing = 263 ms], [Process Annotations = 89 ms], [Generate Sources = 70 ms], [Find R Classes = 28 ms], [Validate Annotations = 24 ms], [Extract Manifest = 20 ms], [Extract Annotations = 10 ms], 
23:09:39.310 [Daemon worker Thread 3] INFO  o.a.AndroidAnnotationProcessor:121 - Finish processing
23:12:23.946 [Daemon worker Thread 4] INFO  o.a.AndroidAnnotationProcessor:83 - Initialize AndroidAnnotations 3.3.2 with options {androidManifestFile=/home/mmahmood/Dropbox/Android Workspace/ChumbokNewsNew/app/build/intermediates/manifests/full/debug/AndroidManifest.xml, resourcePackageName=com.chumbok.news}
23:12:24.162 [Daemon worker Thread 4] INFO  o.a.AndroidAnnotationProcessor:107 - Start processing for 8 annotations on 28 elements
23:12:24.185 [Daemon worker Thread 4] DEBUG o.a.h.AndroidManifestFinder:98 - AndroidManifest.xml file found with specified path: /home/mmahmood/Dropbox/Android Workspace/ChumbokNewsNew/app/build/intermediates/manifests/full/debug/AndroidManifest.xml
23:12:24.211 [Daemon worker Thread 4] INFO  o.a.AndroidAnnotationProcessor:170 - AndroidManifest.xml found: AndroidManifest [applicationPackage=com.chumbok.news, componentQualifiedNames=[com.chumbok.news.MainActivity_, com.google.android.gms.analytics.AnalyticsService, com.google.android.gms.analytics.AnalyticsReceiver], permissionQualifiedNames=[android.permission.INTERNET, android.permission.WRITE_EXTERNAL_STORAGE, android.permission.ACCESS_NETWORK_STATE], applicationClassName=com.chumbok.news.AppController, libraryProject=false, debugabble=false, minSdkVersion=17, maxSdkVersion=-1, targetSdkVersion=17]
23:12:24.219 [Daemon worker Thread 4] INFO  o.a.r.ProjectRClassFinder:50 - Found project R class: com.chumbok.news.R
23:12:24.279 [Daemon worker Thread 4] INFO  o.a.r.AndroidRClassFinder:44 - Found Android class: android.R
23:12:24.372 [Daemon worker Thread 4] INFO  o.a.p.ModelValidator:42 - Validating elements
23:12:24.373 [Daemon worker Thread 4] DEBUG o.a.p.ModelValidator:62 - Validating with EActivityHandler: [com.chumbok.news.MainActivity]
23:12:24.379 [Daemon worker Thread 4] DEBUG o.a.p.ModelValidator:62 - Validating with EBeanHandler: [com.chumbok.news.FeedItemList, com.chumbok.news.adapter.FeedListAdapter, com.chumbok.news.task.InitDataBackgroundTask, com.chumbok.news.listener.EndlessScrollListener, com.chumbok.news.service.FeedService]
23:12:24.384 [Daemon worker Thread 4] DEBUG o.a.p.ModelValidator:62 - Validating with ViewByIdHandler: [listView, mDrawerLayout, mDrawerRelativeLayout, mDrawerList, listView]
23:12:24.394 [Daemon worker Thread 4] DEBUG o.a.p.ModelValidator:62 - Validating with BeanHandler: [feedService, feedItemList, listAdapter, endlessScrollListener, initDataBackgroundTask, feedItemList, feedService, listAdapter, feedItemList, feedItemList, listAdapter]
23:12:24.411 [Daemon worker Thread 4] DEBUG o.a.p.ModelValidator:62 - Validating with RootContextHandler: [context, activity, context, activity]
23:12:24.413 [Daemon worker Thread 4] DEBUG o.a.p.ModelValidator:62 - Validating with AfterInjectHandler: [initAdapter(), initTask(), initAdapter(), initAdapter()]
23:12:24.417 [Daemon worker Thread 4] DEBUG o.a.p.ModelValidator:62 - Validating with AfterViewsHandler: [updateListView()]
23:12:24.418 [Daemon worker Thread 4] DEBUG o.a.p.ModelValidator:62 - Validating with BackgroundHandler: [fetchSaveFeedItemInDB()]
23:12:24.489 [Daemon worker Thread 4] INFO  o.a.p.ModelProcessor:74 - Processing root elements
23:12:24.494 [Daemon worker Thread 4] DEBUG o.a.p.ModelProcessor:176 - Processing root elements EActivityHandler: [com.chumbok.news.MainActivity]
23:12:24.666 [Daemon worker Thread 4] DEBUG o.a.p.ModelProcessor:176 - Processing root elements EBeanHandler: [com.chumbok.news.adapter.FeedListAdapter, com.chumbok.news.FeedItemList, com.chumbok.news.task.InitDataBackgroundTask, com.chumbok.news.listener.EndlessScrollListener, com.chumbok.news.service.FeedService]
23:12:24.675 [Daemon worker Thread 4] INFO  o.a.p.ModelProcessor:86 - Processing enclosed elements
23:12:24.731 [Daemon worker Thread 4] INFO  o.a.AndroidAnnotationProcessor:249 - Number of files generated by AndroidAnnotations: 6
23:12:24.737 [Daemon worker Thread 4] INFO  o.a.g.ApiCodeGenerator:52 - Writting following API classes in project: []
23:12:24.742 [Daemon worker Thread 4] DEBUG o.a.g.SourceCodewriter:55 - Generating class: com.chumbok.news.task.InitDataBackgroundTask_
23:12:24.763 [Daemon worker Thread 4] DEBUG o.a.g.SourceCodewriter:55 - Generating class: com.chumbok.news.FeedItemList_
23:12:24.782 [Daemon worker Thread 4] DEBUG o.a.g.SourceCodewriter:55 - Generating class: com.chumbok.news.MainActivity_
23:12:24.881 [Daemon worker Thread 4] DEBUG o.a.g.SourceCodewriter:55 - Generating class: com.chumbok.news.listener.EndlessScrollListener_
23:12:24.912 [Daemon worker Thread 4] DEBUG o.a.g.SourceCodewriter:55 - Generating class: com.chumbok.news.service.FeedService_
23:12:24.922 [Daemon worker Thread 4] DEBUG o.a.g.SourceCodewriter:55 - Generating class: com.chumbok.news.adapter.FeedListAdapter_
23:12:24.943 [Daemon worker Thread 4] INFO  o.a.p.TimeStats:81 - Time measurements: [Whole Processing = 781 ms], [Process Annotations = 302 ms], [Generate Sources = 212 ms], [Find R Classes = 102 ms], [Validate Annotations = 75 ms], [Extract Manifest = 28 ms], [Extract Annotations = 20 ms], 
23:12:24.944 [Daemon worker Thread 4] INFO  o.a.AndroidAnnotationProcessor:121 - Finish processing
23:13:13.553 [Daemon worker Thread 4] INFO  o.a.AndroidAnnotationProcessor:83 - Initialize AndroidAnnotations 3.3.2 with options {androidManifestFile=/home/mmahmood/Dropbox/Android Workspace/ChumbokNewsNew/app/build/intermediates/manifests/full/debug/AndroidManifest.xml, resourcePackageName=com.chumbok.news}
23:13:13.650 [Daemon worker Thread 4] INFO  o.a.AndroidAnnotationProcessor:107 - Start processing for 8 annotations on 28 elements
23:13:13.658 [Daemon worker Thread 4] DEBUG o.a.h.AndroidManifestFinder:98 - AndroidManifest.xml file found with specified path: /home/mmahmood/Dropbox/Android Workspace/ChumbokNewsNew/app/build/intermediates/manifests/full/debug/AndroidManifest.xml
23:13:13.666 [Daemon worker Thread 4] INFO  o.a.AndroidAnnotationProcessor:170 - AndroidManifest.xml found: AndroidManifest [applicationPackage=com.chumbok.news, componentQualifiedNames=[com.chumbok.news.MainActivity_, com.google.android.gms.analytics.AnalyticsService, com.google.android.gms.analytics.AnalyticsReceiver], permissionQualifiedNames=[android.permission.INTERNET, android.permission.WRITE_EXTERNAL_STORAGE, android.permission.ACCESS_NETWORK_STATE], applicationClassName=com.chumbok.news.AppController, libraryProject=false, debugabble=false, minSdkVersion=17, maxSdkVersion=-1, targetSdkVersion=17]
23:13:13.667 [Daemon worker Thread 4] INFO  o.a.r.ProjectRClassFinder:50 - Found project R class: com.chumbok.news.R
23:13:13.677 [Daemon worker Thread 4] INFO  o.a.r.AndroidRClassFinder:44 - Found Android class: android.R
23:13:13.705 [Daemon worker Thread 4] INFO  o.a.p.ModelValidator:42 - Validating elements
23:13:13.705 [Daemon worker Thread 4] DEBUG o.a.p.ModelValidator:62 - Validating with EActivityHandler: [com.chumbok.news.MainActivity]
23:13:13.709 [Daemon worker Thread 4] DEBUG o.a.p.ModelValidator:62 - Validating with EBeanHandler: [com.chumbok.news.FeedItemList, com.chumbok.news.adapter.FeedListAdapter, com.chumbok.news.task.InitDataBackgroundTask, com.chumbok.news.listener.EndlessScrollListener, com.chumbok.news.service.FeedService]
23:13:13.710 [Daemon worker Thread 4] DEBUG o.a.p.ModelValidator:62 - Validating with ViewByIdHandler: [listView, mDrawerLayout, mDrawerRelativeLayout, mDrawerList, listView]
23:13:13.716 [Daemon worker Thread 4] DEBUG o.a.p.ModelValidator:62 - Validating with BeanHandler: [feedService, feedItemList, listAdapter, endlessScrollListener, initDataBackgroundTask, feedItemList, feedService, listAdapter, feedItemList, feedItemList, listAdapter]
23:13:13.718 [Daemon worker Thread 4] DEBUG o.a.p.ModelValidator:62 - Validating with RootContextHandler: [context, activity, context, activity]
23:13:13.719 [Daemon worker Thread 4] DEBUG o.a.p.ModelValidator:62 - Validating with AfterInjectHandler: [initAdapter(), initTask(), initAdapter(), initAdapter()]
23:13:13.720 [Daemon worker Thread 4] DEBUG o.a.p.ModelValidator:62 - Validating with AfterViewsHandler: [updateListView()]
23:13:13.721 [Daemon worker Thread 4] DEBUG o.a.p.ModelValidator:62 - Validating with BackgroundHandler: [fetchSaveFeedItemInDB()]
23:13:13.735 [Daemon worker Thread 4] INFO  o.a.p.ModelProcessor:74 - Processing root elements
23:13:13.735 [Daemon worker Thread 4] DEBUG o.a.p.ModelProcessor:176 - Processing root elements EActivityHandler: [com.chumbok.news.MainActivity]
23:13:13.777 [Daemon worker Thread 4] DEBUG o.a.p.ModelProcessor:176 - Processing root elements EBeanHandler: [com.chumbok.news.task.InitDataBackgroundTask, com.chumbok.news.service.FeedService, com.chumbok.news.adapter.FeedListAdapter, com.chumbok.news.FeedItemList, com.chumbok.news.listener.EndlessScrollListener]
23:13:13.780 [Daemon worker Thread 4] INFO  o.a.p.ModelProcessor:86 - Processing enclosed elements
23:13:13.793 [Daemon worker Thread 4] INFO  o.a.AndroidAnnotationProcessor:249 - Number of files generated by AndroidAnnotations: 6
23:13:13.796 [Daemon worker Thread 4] INFO  o.a.g.ApiCodeGenerator:52 - Writting following API classes in project: []
23:13:13.800 [Daemon worker Thread 4] DEBUG o.a.g.SourceCodewriter:55 - Generating class: com.chumbok.news.task.InitDataBackgroundTask_
23:13:13.816 [Daemon worker Thread 4] DEBUG o.a.g.SourceCodewriter:55 - Generating class: com.chumbok.news.FeedItemList_
23:13:13.821 [Daemon worker Thread 4] DEBUG o.a.g.SourceCodewriter:55 - Generating class: com.chumbok.news.MainActivity_
23:13:13.839 [Daemon worker Thread 4] DEBUG o.a.g.SourceCodewriter:55 - Generating class: com.chumbok.news.listener.EndlessScrollListener_
23:13:13.848 [Daemon worker Thread 4] DEBUG o.a.g.SourceCodewriter:55 - Generating class: com.chumbok.news.service.FeedService_
23:13:13.853 [Daemon worker Thread 4] DEBUG o.a.g.SourceCodewriter:55 - Generating class: com.chumbok.news.adapter.FeedListAdapter_
23:13:13.860 [Daemon worker Thread 4] INFO  o.a.p.TimeStats:81 - Time measurements: [Whole Processing = 210 ms], [Process Annotations = 70 ms], [Generate Sources = 67 ms], [Find R Classes = 22 ms], [Validate Annotations = 19 ms], [Extract Manifest = 9 ms], [Extract Annotations = 5 ms], 
23:13:13.861 [Daemon worker Thread 4] INFO  o.a.AndroidAnnotationProcessor:121 - Finish processing
